[Licensing::Module] Trying to connect to existing licensing client channel...
Built from '6000.2/staging' branch; Version is '6000.2.10f1 (d3d30d158480) revision 13882125'; Using compiler version '194234433'; Build Type 'Release'
[Licensing::IpcConnector] Successfully connected to: "LicenseClient-Lenovo" at "2025-12-09T08:59:20.6786543Z"
OS: 'Windows 11  (10.0.26200) 64bit Professional' Language: 'en' Physical Memory: 24260 MB
BatchMode: 1, IsHumanControllingUs: 0, StartBugReporterOnCrash: 0, Is64bit: 1
Date: 2025-12-09T08:59:20Z

COMMAND LINE ARGUMENTS:
C:\Program Files\Unity\Hub\Editor\6000.2.10f1\Editor\Unity.exe
-adb2
-batchMode
-noUpm
-name
AssetImportWorker1
-projectPath
C:/Users/Lenovo/Project Homebound
-logFile
Logs/AssetImportWorker1.log
-srvPort
50793
-licensingIpc
LicenseClient-Lenovo
-job-worker-count
7
-background-job-worker-count
8
-gc-helper-count
1
-name
AssetImport
Successfully changed project path to: C:/Users/Lenovo/Project Homebound
C:/Users/Lenovo/Project Homebound
[UnityMemory] Configuration Parameters - Can be set up in boot.config
    "memorysetup-allocator-temp-initial-block-size-main=262144"
    "memorysetup-allocator-temp-initial-block-size-worker=262144"
    "memorysetup-bucket-allocator-granularity=16"
    "memorysetup-bucket-allocator-bucket-count=8"
    "memorysetup-bucket-allocator-block-size=33554432"
    "memorysetup-bucket-allocator-block-count=8"
    "memorysetup-main-allocator-block-size=16777216"
    "memorysetup-thread-allocator-block-size=16777216"
    "memorysetup-gfx-main-allocator-block-size=16777216"
    "memorysetup-gfx-thread-allocator-block-size=16777216"
    "memorysetup-cache-allocator-block-size=4194304"
    "memorysetup-typetree-allocator-block-size=2097152"
    "memorysetup-profiler-bucket-allocator-granularity=16"
    "memorysetup-profiler-bucket-allocator-bucket-count=8"
    "memorysetup-profiler-bucket-allocator-block-size=33554432"
    "memorysetup-profiler-bucket-allocator-block-count=8"
    "memorysetup-profiler-allocator-block-size=16777216"
    "memorysetup-profiler-editor-allocator-block-size=1048576"
    "memorysetup-temp-allocator-size-main=16777216"
    "memorysetup-job-temp-allocator-block-size=2097152"
    "memorysetup-job-temp-allocator-block-size-background=1048576"
    "memorysetup-job-temp-allocator-reduction-small-platforms=262144"
    "memorysetup-temp-allocator-size-background-worker=32768"
    "memorysetup-temp-allocator-size-job-worker=262144"
    "memorysetup-temp-allocator-size-preload-manager=33554432"
    "memorysetup-temp-allocator-size-nav-mesh-worker=65536"
    "memorysetup-temp-allocator-size-audio-worker=65536"
    "memorysetup-temp-allocator-size-cloud-worker=32768"
    "memorysetup-temp-allocator-size-gi-baking-worker=262144"
    "memorysetup-temp-allocator-size-gi-baking-worker=262144"
    "memorysetup-temp-allocator-size-gi-baking-worker=262144"
    "memorysetup-temp-allocator-size-gi-baking-worker=262144"
    "memorysetup-temp-allocator-size-gi-baking-worker=262144"
    "memorysetup-temp-allocator-size-gfx=262144"
Player connection [33072]  Target information:

Player connection [33072]  * "[IP] 10.16.209.103 [Port] 0 [Flags] 2 [Guid] 1139600333 [EditorId] 1139600333 [Version] 1048832 [Id] WindowsEditor(7,DESKTOP-UBK3URH) [Debug] 1 [PackageName] WindowsEditor [ProjectName] Editor" 

Player connection [33072] Host joined multi-casting on [225.0.0.222:54997]...
Player connection [33072] Host joined alternative multi-casting on [225.0.0.222:34997]...
JobSystem: Creating JobQueue using job-worker-count value 7
Input System module state changed to: Initialized.
[Physics::Module] Initialized fallback backend.
[Physics::Module] Id: 0xdecafbad
[Licensing::Client] Code 10 while verifying Licensing Client signature (process Id: 19724, path: "C:/Program Files/Unity Hub/UnityLicensingClient_V1/Unity.Licensing.Client.exe")
[Licensing::Module] LicensingClient has failed validation; ignoring
[Licensing::Client] Handshaking with LicensingClient:
  Version:                 1.17.3+a4e98f1
  Session Id:              5f962d68e7984048b6a4f4e4c5754671
  Correlation Id:          265c44e007df65f343bb4b54286606b3
  External correlation Id: 2333211811503466866
  Machine Id:              TDOrmBKa8CVaQMiVg0c2qyc6OfI=
[Licensing::Module] Successfully connected to LicensingClient on channel: "LicenseClient-Lenovo" (connect: 0.00s, validation: 0.00s, handshake: 0.04s)
[Licensing::IpcConnector] Successfully connected to: "LicenseClient-Lenovo-notifications" at "2025-12-09T08:59:20.7183418Z"
[Licensing::Module] Licensing Background thread has ended after 0.04s
Library Redirect Path: Library/
[Physics::Module] Selected backend.
[Physics::Module] Name: PhysX
[Physics::Module] Id: 0xf2b8ea05
[Physics::Module] SDK Version: 4.1.2
[Physics::Module] Integration Version: 1.0.0
[Physics::Module] Threading Mode: Multi-Threaded
Refreshing native plugins compatible for Editor in 2.33 ms, found 3 plugins.
Preloading 0 native plugins for Editor in 0.00 ms.
Initialize engine version: 6000.2.10f1 (d3d30d158480)
[Subsystems] Discovering subsystems at path C:/Program Files/Unity/Hub/Editor/6000.2.10f1/Editor/Data/Resources/UnitySubsystems
[Subsystems] Discovering subsystems at path C:/Users/Lenovo/Project Homebound/Assets
GfxDevice: creating device client; kGfxThreadingModeNonThreaded
Direct3D:
    Version:  Direct3D 11.0 [level 11.1]
    Renderer: NVIDIA GeForce RTX 4050 Laptop GPU (ID=0x28e1)
    Vendor:   NVIDIA
    VRAM:     5921 MB
    Driver:   32.0.15.7702
Initialize mono
Mono path[0] = 'C:/Program Files/Unity/Hub/Editor/6000.2.10f1/Editor/Data/Managed'
Mono path[1] = 'C:/Program Files/Unity/Hub/Editor/6000.2.10f1/Editor/Data/MonoBleedingEdge/lib/mono/unityjit-win32'
Mono config path = 'C:/Program Files/Unity/Hub/Editor/6000.2.10f1/Editor/Data/MonoBleedingEdge/etc'
Using monoOptions --debugger-agent=transport=dt_socket,embedding=1,server=y,suspend=n,address=127.0.0.1:56432
Begin MonoManager ReloadAssembly
Registering precompiled unity dll's ...
Register platform support module: C:/Program Files/Unity/Hub/Editor/6000.2.10f1/Editor/Data/PlaybackEngines/WebGLSupport/UnityEditor.WebGL.Extensions.dll
Register platform support module: C:/Program Files/Unity/Hub/Editor/6000.2.10f1/Editor/Data/PlaybackEngines/WindowsStandaloneSupport/UnityEditor.WindowsStandalone.Extensions.dll
Registered in 0.002676 seconds.
- Loaded All Assemblies, in  0.393 seconds
Native extension for WindowsStandalone target not found
Native extension for WebGL target not found
Mono: successfully reloaded assembly
- Finished resetting the current domain, in  0.354 seconds
Domain Reload Profiling: 744ms
	BeginReloadAssembly (132ms)
		ExecutionOrderSort (0ms)
		DisableScriptedObjects (0ms)
		BackupInstance (0ms)
		ReleaseScriptingObjects (0ms)
		CreateAndSetChildDomain (1ms)
	RebuildCommonClasses (38ms)
	RebuildNativeTypeToScriptingClass (10ms)
	initialDomainReloadingComplete (52ms)
	LoadAllAssembliesAndSetupDomain (157ms)
		LoadAssemblies (129ms)
		RebuildTransferFunctionScriptingTraits (0ms)
		AnalyzeDomain (154ms)
			TypeCache.Refresh (152ms)
				TypeCache.ScanAssembly (139ms)
			BuildScriptInfoCaches (0ms)
			ResolveRequiredComponents (0ms)
	FinalizeReload (355ms)
		ReleaseScriptCaches (0ms)
		RebuildScriptCaches (0ms)
		SetupLoadedEditorAssemblies (323ms)
			LogAssemblyErrors (0ms)
			InitializePlatformSupportModulesInManaged (49ms)
			SetLoadedEditorAssemblies (4ms)
			BeforeProcessingInitializeOnLoad (66ms)
			ProcessInitializeOnLoadAttributes (143ms)
			ProcessInitializeOnLoadMethodAttributes (60ms)
			AfterProcessingInitializeOnLoad (0ms)
			EditorAssembliesLoaded (0ms)
		ExecutionOrderSort2 (0ms)
		AwakeInstancesAfterBackupRestoration (0ms)
========================================================================
Worker process is ready to serve import requests
Import Worker Mode flag is 0x00
Begin MonoManager ReloadAssembly
[Licensing::Client] Successfully resolved entitlement details
[Licensing::Module] License group:
  Id: 7972504606644-UnityPersXXXX
  Product: Unity Personal
  Type: Assigned
  Expiration: Unlimited
- Loaded All Assemblies, in  0.840 seconds
Refreshing native plugins compatible for Editor in 0.97 ms, found 3 plugins.
Native extension for WindowsStandalone target not found
Native extension for WebGL target not found
Package Manager log level set to [2]
[Package Manager] Failed to launch server process. Reason: Unity was launched with the -noUpm command-line argument
[Package Manager] Unable to send message (not connected to server process).
[Package Manager] Cannot connect to Unity Package Manager local server
<HackaTime> Initializing...
UnityEngine.Debug:ExtractStackTraceNoAlloc (byte*,int,string)
UnityEngine.StackTraceUtility:ExtractStackTrace ()
UnityEngine.DebugLogHandler:Internal_Log (UnityEngine.LogType,UnityEngine.LogOption,string,UnityEngine.Object)
UnityEngine.DebugLogHandler:LogFormat (UnityEngine.LogType,UnityEngine.Object,string,object[])
UnityEngine.Logger:Log (UnityEngine.LogType,object)
UnityEngine.Debug:Log (object)
WakaTime.Plugin:Initialize () (at ./Library/PackageCache/com.daniel-geo.unityhackatime@5ac210a9a287/Editor/Plugin.cs:76)
WakaTime.Plugin:.cctor () (at ./Library/PackageCache/com.daniel-geo.unityhackatime@5ac210a9a287/Editor/Plugin.cs:41)
System.Runtime.CompilerServices.RuntimeHelpers:RunClassConstructor (System.RuntimeTypeHandle)
UnityEditor.EditorAssemblies:ProcessInitializeOnLoadAttributes (System.Type[])

(Filename: ./Library/PackageCache/com.daniel-geo.unityhackatime@5ac210a9a287/Editor/Plugin.cs Line: 76)

<HackaTime> Sending heartbeat...
UnityEngine.Debug:ExtractStackTraceNoAlloc (byte*,int,string)
UnityEngine.StackTraceUtility:ExtractStackTrace ()
UnityEngine.DebugLogHandler:Internal_Log (UnityEngine.LogType,UnityEngine.LogOption,string,UnityEngine.Object)
UnityEngine.DebugLogHandler:LogFormat (UnityEngine.LogType,UnityEngine.Object,string,object[])
UnityEngine.Logger:Log (UnityEngine.LogType,object)
UnityEngine.Debug:Log (object)
WakaTime.Plugin/<SendHeartbeat>d__29:MoveNext () (at ./Library/PackageCache/com.daniel-geo.unityhackatime@5ac210a9a287/Editor/Plugin.cs:144)
System.Runtime.CompilerServices.AsyncVoidMethodBuilder:Start<WakaTime.Plugin/<SendHeartbeat>d__29> (WakaTime.Plugin/<SendHeartbeat>d__29&)
WakaTime.Plugin:SendHeartbeat (bool)
WakaTime.Plugin:Initialize () (at ./Library/PackageCache/com.daniel-geo.unityhackatime@5ac210a9a287/Editor/Plugin.cs:78)
WakaTime.Plugin:.cctor () (at ./Library/PackageCache/com.daniel-geo.unityhackatime@5ac210a9a287/Editor/Plugin.cs:41)
System.Runtime.CompilerServices.RuntimeHelpers:RunClassConstructor (System.RuntimeTypeHandle)
UnityEditor.EditorAssemblies:ProcessInitializeOnLoadAttributes (System.Type[])

(Filename: ./Library/PackageCache/com.daniel-geo.unityhackatime@5ac210a9a287/Editor/Plugin.cs Line: 144)

[MODES] ModeService[none].Initialize
[MODES] ModeService[none].LoadModes
[MODES] Loading mode Default (0) for mode-current-id-Project Homebound
Mono: successfully reloaded assembly
- Finished resetting the current domain, in  0.878 seconds
Domain Reload Profiling: 1711ms
	BeginReloadAssembly (190ms)
		ExecutionOrderSort (0ms)
		DisableScriptedObjects (6ms)
		BackupInstance (0ms)
		ReleaseScriptingObjects (0ms)
		CreateAndSetChildDomain (40ms)
	RebuildCommonClasses (35ms)
	RebuildNativeTypeToScriptingClass (10ms)
	initialDomainReloadingComplete (40ms)
	LoadAllAssembliesAndSetupDomain (557ms)
		LoadAssemblies (386ms)
		RebuildTransferFunctionScriptingTraits (0ms)
		AnalyzeDomain (268ms)
			TypeCache.Refresh (188ms)
				TypeCache.ScanAssembly (173ms)
			BuildScriptInfoCaches (60ms)
			ResolveRequiredComponents (15ms)
	FinalizeReload (879ms)
		ReleaseScriptCaches (0ms)
		RebuildScriptCaches (0ms)
		SetupLoadedEditorAssemblies (665ms)
			LogAssemblyErrors (0ms)
			InitializePlatformSupportModulesInManaged (3ms)
			SetLoadedEditorAssemblies (6ms)
			BeforeProcessingInitializeOnLoad (147ms)
			ProcessInitializeOnLoadAttributes (402ms)
			ProcessInitializeOnLoadMethodAttributes (95ms)
			AfterProcessingInitializeOnLoad (11ms)
			EditorAssembliesLoaded (0ms)
		ExecutionOrderSort2 (0ms)
		AwakeInstancesAfterBackupRestoration (7ms)
Launched and connected shader compiler UnityShaderCompiler.exe after 0.03 seconds
Refreshing native plugins compatible for Editor in 4.07 ms, found 3 plugins.
Preloading 0 native plugins for Editor in 0.00 ms.
Unloading 14 Unused Serialized files (Serialized files now loaded: 0)
<HackaTime> Got response
{"id":840356993,"user_id":22939,"branch":"main","category":"coding","dependencies":[],"editor":"","entity":"Unsaved Scene","language":"unity","machine":null,"operating_system":"","project":"Project Homebound","type":"file","user_agent":"unity-hackatime","line_additions":null,"line_deletions":null,"lineno":null,"lines":null,"cursorpos":null,"project_root_count":null,"time":1765270784.0,"is_write":false,"created_at":"2025-12-09T08:58:59.005Z","updated_at":"2025-12-09T08:58:59.006Z","fields_hash":"1622946273794c2779cc5b31a39c73b0","source_type":"direct_entry","ip_address":"46.97.176.204","ysws_program":"nothing","deleted_at":null,"raw_data":{"time":1765270784.0,"type":"file","lines":null,"branch":"main","editor":"","entity":"Unsaved Scene","lineno":null,"machine":null,"project":"Project Homebound","user_id":22939,"category":"coding","is_write":false,"language":"unity","cursorpos":null,"user_agent":"unity-hackatime","dependencies":[],"line_additions":null,"line_deletions":null,"operating_system":"","project_root_count":null},"raw_heartbeat_upload_id":134426378}
UnityEngine.Debug:ExtractStackTraceNoAlloc (byte*,int,string)
UnityEngine.StackTraceUtility:ExtractStackTrace ()
UnityEngine.DebugLogHandler:Internal_Log (UnityEngine.LogType,UnityEngine.LogOption,string,UnityEngine.Object)
UnityEngine.DebugLogHandler:LogFormat (UnityEngine.LogType,UnityEngine.Object,string,object[])
UnityEngine.Logger:Log (UnityEngine.LogType,object)
UnityEngine.Debug:Log (object)
WakaTime.Plugin/<SendHeartbeat>d__29:MoveNext () (at ./Library/PackageCache/com.daniel-geo.unityhackatime@5ac210a9a287/Editor/Plugin.cs:187)
System.Runtime.CompilerServices.AsyncMethodBuilderCore/MoveNextRunner:InvokeMoveNext (object)
System.Threading.ExecutionContext:RunInternal (System.Threading.ExecutionContext,System.Threading.ContextCallback,object,bool)
System.Threading.ExecutionContext:Run (System.Threading.ExecutionContext,System.Threading.ContextCallback,object,bool)
System.Runtime.CompilerServices.AsyncMethodBuilderCore/MoveNextRunner:Run ()
System.Threading.Tasks.AwaitTaskContinuation:InvokeAction (object)
System.Threading.Tasks.AwaitTaskContinuation:RunCallback (System.Threading.ContextCallback,object,System.Threading.Tasks.Task&)
System.Threading.Tasks.SynchronizationContextAwaitTaskContinuation:Run (System.Threading.Tasks.Task,bool)
System.Threading.Tasks.Task:FinishContinuations ()
System.Threading.Tasks.Task:FinishStageThree ()
System.Threading.Tasks.Task`1<bool>:TrySetResult (bool)
System.Threading.Tasks.TaskCompletionSource`1<bool>:TrySetResult (bool)
WakaTime.Plugin/<>c__DisplayClass29_0:<SendHeartbeat>b__0 (UnityEngine.AsyncOperation) (at ./Library/PackageCache/com.daniel-geo.unityhackatime@5ac210a9a287/Editor/Plugin.cs:176)
UnityEngine.AsyncOperation:InvokeCompletionEvent ()

(Filename: ./Library/PackageCache/com.daniel-geo.unityhackatime@5ac210a9a287/Editor/Plugin.cs Line: 187)

<HackaTime> Sent heartbeat!
UnityEngine.Debug:ExtractStackTraceNoAlloc (byte*,int,string)
UnityEngine.StackTraceUtility:ExtractStackTrace ()
UnityEngine.DebugLogHandler:Internal_Log (UnityEngine.LogType,UnityEngine.LogOption,string,UnityEngine.Object)
UnityEngine.DebugLogHandler:LogFormat (UnityEngine.LogType,UnityEngine.Object,string,object[])
UnityEngine.Logger:Log (UnityEngine.LogType,object)
UnityEngine.Debug:Log (object)
WakaTime.Plugin/<SendHeartbeat>d__29:MoveNext () (at ./Library/PackageCache/com.daniel-geo.unityhackatime@5ac210a9a287/Editor/Plugin.cs:203)
System.Runtime.CompilerServices.AsyncMethodBuilderCore/MoveNextRunner:InvokeMoveNext (object)
System.Threading.ExecutionContext:RunInternal (System.Threading.ExecutionContext,System.Threading.ContextCallback,object,bool)
System.Threading.ExecutionContext:Run (System.Threading.ExecutionContext,System.Threading.ContextCallback,object,bool)
System.Runtime.CompilerServices.AsyncMethodBuilderCore/MoveNextRunner:Run ()
System.Threading.Tasks.AwaitTaskContinuation:InvokeAction (object)
System.Threading.Tasks.AwaitTaskContinuation:RunCallback (System.Threading.ContextCallback,object,System.Threading.Tasks.Task&)
System.Threading.Tasks.SynchronizationContextAwaitTaskContinuation:Run (System.Threading.Tasks.Task,bool)
System.Threading.Tasks.Task:FinishContinuations ()
System.Threading.Tasks.Task:FinishStageThree ()
System.Threading.Tasks.Task`1<bool>:TrySetResult (bool)
System.Threading.Tasks.TaskCompletionSource`1<bool>:TrySetResult (bool)
WakaTime.Plugin/<>c__DisplayClass29_0:<SendHeartbeat>b__0 (UnityEngine.AsyncOperation) (at ./Library/PackageCache/com.daniel-geo.unityhackatime@5ac210a9a287/Editor/Plugin.cs:176)
UnityEngine.AsyncOperation:InvokeCompletionEvent ()

(Filename: ./Library/PackageCache/com.daniel-geo.unityhackatime@5ac210a9a287/Editor/Plugin.cs Line: 203)

Unloading 6500 unused Assets / (6.3 MB). Loaded Objects now: 7215.
Memory consumption went from 137.4 MB to 131.1 MB.
Total: 25.165400 ms (FindLiveObjects: 1.621000 ms CreateObjectMapping: 2.769900 ms MarkObjects: 14.236400 ms  DeleteObjects: 6.536300 ms)

========================================================================
Received Import Request.
  Time since last request: 419932.851996 seconds.
  path: Assets/scripts/MouseLook.cs
  artifactKey: Guid(df9654441e3adfe4e88fce9ba5d9f12a) Importer(2089858483,192608db42251d675da83286b1cce702)
Start importing Assets/scripts/MouseLook.cs using Guid(df9654441e3adfe4e88fce9ba5d9f12a) Importer(2089858483,192608db42251d675da83286b1cce702) (ScriptedImporter) -> (artifact id: '6aecac27730a83308f96cfe7a8e5c467') in 0.7104031 seconds
Number of updated asset objects reloaded before import = 0Number of asset objects unloaded after import = 0

========================================================================
Received Import Request.
  Time since last request: 0.000022 seconds.
  path: Assets/Settings/UniversalRenderPipelineGlobalSettings.asset
  artifactKey: Guid(18dc0cd2c080841dea60987a38ce93fa) Importer(2089858483,192608db42251d675da83286b1cce702)
Start importing Assets/Settings/UniversalRenderPipelineGlobalSettings.asset using Guid(18dc0cd2c080841dea60987a38ce93fa) Importer(2089858483,192608db42251d675da83286b1cce702) (ScriptedImporter) -> (artifact id: 'dbab4e8f197af8f6540f1694700942df') in 0.106026 seconds
Number of updated asset objects reloaded before import = 0Number of asset objects unloaded after import = 0

========================================================================
Received Prepare
Refreshing native plugins compatible for Editor in 2.05 ms, found 3 plugins.
Preloading 0 native plugins for Editor in 0.00 ms.
Unloading 14 Unused Serialized files (Serialized files now loaded: 0)
Unloading 6492 unused Assets / (4.8 MB). Loaded Objects now: 7218.
Memory consumption went from 136.4 MB to 131.6 MB.
Total: 21.241100 ms (FindLiveObjects: 1.486300 ms CreateObjectMapping: 3.376800 ms MarkObjects: 11.073600 ms  DeleteObjects: 5.301700 ms)

Missing types referenced from component UniversalRenderPipelineGlobalSettings on game object UniversalRenderPipelineGlobalSettings:
	UnityEngine.Rendering.URPReflectionProbeSettings, Unity.RenderPipelines.Universal.Runtime (1 object)
	UnityEngine.Rendering.UnifiedRayTracing.RayTracingRenderPipelineResources, Unity.UnifiedRayTracing.Runtime (1 object)
	UnityEngine.Rendering.Universal.OnTilePostProcessResource, Unity.RenderPipelines.Universal.Runtime (1 object)
Prepare: number of updated asset objects reloaded= 2
========================================================================
Received Import Request.
  Time since last request: 123.186986 seconds.
  path: Assets/large building C.blend
  artifactKey: Guid(4b45d400a0a55a94eb63fc82489f2a3b) Importer(815301076,1909f56bfc062723c751e8b465ee728b)
Missing types referenced from component UniversalRenderPipelineGlobalSettings on game object UniversalRenderPipelineGlobalSettings:
	UnityEngine.Rendering.URPReflectionProbeSettings, Unity.RenderPipelines.Universal.Runtime (1 object)
	UnityEngine.Rendering.UnifiedRayTracing.RayTracingRenderPipelineResources, Unity.UnifiedRayTracing.Runtime (1 object)
	UnityEngine.Rendering.Universal.OnTilePostProcessResource, Unity.RenderPipelines.Universal.Runtime (1 object)
Start importing Assets/large building C.blend using Guid(4b45d400a0a55a94eb63fc82489f2a3b) Importer(815301076,1909f56bfc062723c751e8b465ee728b) (PreviewImporter) -> (artifact id: '3ee8ff010fa0381076a51a5771b2e269') in 0.7875046 seconds
Number of updated asset objects reloaded before import = 1Number of asset objects unloaded after import = 11

========================================================================
Received Import Request.
  Time since last request: 0.000042 seconds.
  path: Assets/sad tree small.blend
  artifactKey: Guid(86132097d5e5fd44382eac91dbe90b38) Importer(815301076,1909f56bfc062723c751e8b465ee728b)
Start importing Assets/sad tree small.blend using Guid(86132097d5e5fd44382eac91dbe90b38) Importer(815301076,1909f56bfc062723c751e8b465ee728b) (PreviewImporter) -> (artifact id: '9131c5d167baea63c61ee69e4e67da8f') in 0.0593981 seconds
Number of updated asset objects reloaded before import = 0Number of asset objects unloaded after import = 25

========================================================================
Received Import Request.
  Time since last request: 0.000034 seconds.
  path: Assets/sad tree big.blend
  artifactKey: Guid(f6b18ff5664c2254c8576580fa52568e) Importer(815301076,1909f56bfc062723c751e8b465ee728b)
Start importing Assets/sad tree big.blend using Guid(f6b18ff5664c2254c8576580fa52568e) Importer(815301076,1909f56bfc062723c751e8b465ee728b) (PreviewImporter) -> (artifact id: '8bdb647f01c3dcfb85ec6be7d1469c3e') in 0.0919387 seconds
Number of updated asset objects reloaded before import = 0Number of asset objects unloaded after import = 30

========================================================================
Received Import Request.
  Time since last request: 0.000023 seconds.
  path: Assets/straight street 2 cracks.blend
  artifactKey: Guid(70fcd2961c260b84aa2188459494a3b1) Importer(2089858483,192608db42251d675da83286b1cce702)
Start importing Assets/straight street 2 cracks.blend using Guid(70fcd2961c260b84aa2188459494a3b1) Importer(2089858483,192608db42251d675da83286b1cce702) (ScriptedImporter) -> (artifact id: '80226c08d1e1e4ffd7f1a9ca2e66d1c6') in 0.0619286 seconds
Number of updated asset objects reloaded before import = 0Number of asset objects unloaded after import = 9

========================================================================
Received Import Request.
  Time since last request: 0.000039 seconds.
  path: Assets/Night sky/Materials/night-sky-stars-nebula-scenery-4k-wallpaper-uhdpaper.com-839@3@a.mat
  artifactKey: Guid(4dccb37992ef28843a606188da1ce9e3) Importer(2089858483,192608db42251d675da83286b1cce702)
Start importing Assets/Night sky/Materials/night-sky-stars-nebula-scenery-4k-wallpaper-uhdpaper.com-839@3@a.mat using Guid(4dccb37992ef28843a606188da1ce9e3) Importer(2089858483,192608db42251d675da83286b1cce702) (ScriptedImporter) -> (artifact id: 'f77ee0649adffd948a763c4225e1bc6f') in 0.0067032 seconds
Number of updated asset objects reloaded before import = 0Number of asset objects unloaded after import = 1

========================================================================
Received Import Request.
  Time since last request: 0.000042 seconds.
  path: Assets/cave passage.blend
  artifactKey: Guid(1fcafad857e73014285c6a3fc6e99f80) Importer(2089858483,192608db42251d675da83286b1cce702)
Start importing Assets/cave passage.blend using Guid(1fcafad857e73014285c6a3fc6e99f80) Importer(2089858483,192608db42251d675da83286b1cce702) (ScriptedImporter) -> (artifact id: '833e2b1ca428dfa90c335f1f0467c19a') in 0.0457711 seconds
Number of updated asset objects reloaded before import = 0Number of asset objects unloaded after import = 70

========================================================================
Received Import Request.
  Time since last request: 0.000021 seconds.
  path: Assets/sad circle path.blend
  artifactKey: Guid(60f801adad6ca9a40b3481295c8ed549) Importer(2089858483,192608db42251d675da83286b1cce702)
Start importing Assets/sad circle path.blend using Guid(60f801adad6ca9a40b3481295c8ed549) Importer(2089858483,192608db42251d675da83286b1cce702) (ScriptedImporter) -> (artifact id: '1df56e81ad6ca65e9e45c53b21f33034') in 0.0131681 seconds
Number of updated asset objects reloaded before import = 0Number of asset objects unloaded after import = 8

========================================================================
Received Import Request.
  Time since last request: 0.000030 seconds.
  path: Assets/skyscraper.blend
  artifactKey: Guid(1910790a1510aba478f888b6a68ab8fc) Importer(2089858483,192608db42251d675da83286b1cce702)
Start importing Assets/skyscraper.blend using Guid(1910790a1510aba478f888b6a68ab8fc) Importer(2089858483,192608db42251d675da83286b1cce702) (ScriptedImporter) -> (artifact id: '38b23d1526bf7e7ea193cd00137fa19d') in 0.027321 seconds
Number of updated asset objects reloaded before import = 0Number of asset objects unloaded after import = 11

========================================================================
Received Import Request.
  Time since last request: 0.000028 seconds.
  path: Assets/Balkan Car/1377 Car.png
  artifactKey: Guid(068a836902266db40ab2ba5df6f78277) Importer(2089858483,192608db42251d675da83286b1cce702)
Start importing Assets/Balkan Car/1377 Car.png using Guid(068a836902266db40ab2ba5df6f78277) Importer(2089858483,192608db42251d675da83286b1cce702) (ScriptedImporter) -> (artifact id: '6fa3429bf88dbb369489a9737ebf954e') in 0.0359623 seconds
Number of updated asset objects reloaded before import = 0Number of asset objects unloaded after import = 1

========================================================================
Received Import Request.
  Time since last request: 0.000037 seconds.
  path: Assets/plam radiation glove.blend
  artifactKey: Guid(424eed85aebc0fd4e8d3b272be9cb1e0) Importer(815301076,1909f56bfc062723c751e8b465ee728b)
Start importing Assets/plam radiation glove.blend using Guid(424eed85aebc0fd4e8d3b272be9cb1e0) Importer(815301076,1909f56bfc062723c751e8b465ee728b) (PreviewImporter) -> (artifact id: '0e615b5da00ce1b7323f6fd8ac5e6627') in 0.0798227 seconds
Number of updated asset objects reloaded before import = 0Number of asset objects unloaded after import = 32

========================================================================
Received Import Request.
  Time since last request: 0.000025 seconds.
  path: Assets/Night sky/Materials/14237502_5438849.mat
  artifactKey: Guid(99f1a44b02787144f8cfe2949b966cf5) Importer(2089858483,192608db42251d675da83286b1cce702)
Start importing Assets/Night sky/Materials/14237502_5438849.mat using Guid(99f1a44b02787144f8cfe2949b966cf5) Importer(2089858483,192608db42251d675da83286b1cce702) (ScriptedImporter) -> (artifact id: 'fe86f8b0f470252cb044c1b4dab93b7d') in 0.0065628 seconds
Number of updated asset objects reloaded before import = 0Number of asset objects unloaded after import = 1

========================================================================
Received Import Request.
  Time since last request: 0.000023 seconds.
  path: Assets/road turn/Zombie_Atlas.png
  artifactKey: Guid(b1bbf6ba01f73da46a5fe2ef49665adf) Importer(2089858483,192608db42251d675da83286b1cce702)
Start importing Assets/road turn/Zombie_Atlas.png using Guid(b1bbf6ba01f73da46a5fe2ef49665adf) Importer(2089858483,192608db42251d675da83286b1cce702) (ScriptedImporter) -> (artifact id: 'b77dd71e95dbf53f347502709ebafe8d') in 0.0106625 seconds
Number of updated asset objects reloaded before import = 0Number of asset objects unloaded after import = 1

========================================================================
Received Import Request.
  Time since last request: 0.000029 seconds.
  path: Assets/sad  square path.blend
  artifactKey: Guid(d862c97a8d7afc3408398a72574b7fd6) Importer(815301076,1909f56bfc062723c751e8b465ee728b)
Start importing Assets/sad  square path.blend using Guid(d862c97a8d7afc3408398a72574b7fd6) Importer(815301076,1909f56bfc062723c751e8b465ee728b) (PreviewImporter) -> (artifact id: 'a0568e69ec63dc0c7f473385b97a52d4') in 0.0175404 seconds
Number of updated asset objects reloaded before import = 0Number of asset objects unloaded after import = 8

========================================================================
Received Import Request.
  Time since last request: 0.000040 seconds.
  path: Assets/Balkan van/Balkan Van.blend
  artifactKey: Guid(fea4bb6f3160303428fe71ded21cafcf) Importer(2089858483,192608db42251d675da83286b1cce702)
Start importing Assets/Balkan van/Balkan Van.blend using Guid(fea4bb6f3160303428fe71ded21cafcf) Importer(2089858483,192608db42251d675da83286b1cce702) (ScriptedImporter) -> (artifact id: '4f6c61836de48b28505b68d54bc85cfc') in 0.0144086 seconds
Number of updated asset objects reloaded before import = 0Number of asset objects unloaded after import = 9

========================================================================
Received Import Request.
  Time since last request: 0.000032 seconds.
  path: Assets/Night sky/Materials/NightSkyHDRI008_16K_TONEMAPPED.mat
  artifactKey: Guid(bc82d2221ee88b946a14d57d0c1a6060) Importer(2089858483,192608db42251d675da83286b1cce702)
Start importing Assets/Night sky/Materials/NightSkyHDRI008_16K_TONEMAPPED.mat using Guid(bc82d2221ee88b946a14d57d0c1a6060) Importer(2089858483,192608db42251d675da83286b1cce702) (ScriptedImporter) -> (artifact id: '83baa46766ce54b003a9f2b7ec9620ad') in 0.3311883 seconds
Number of updated asset objects reloaded before import = 0Number of asset objects unloaded after import = 2

========================================================================
Received Import Request.
  Time since last request: 0.000054 seconds.
  path: Assets/scripts/camera_rotate.cs
  artifactKey: Guid(1fe026694950dc84c8e8bd38602b2245) Importer(2089858483,192608db42251d675da83286b1cce702)
Start importing Assets/scripts/camera_rotate.cs using Guid(1fe026694950dc84c8e8bd38602b2245) Importer(2089858483,192608db42251d675da83286b1cce702) (ScriptedImporter) -> (artifact id: '01f5bb8e8cc5b4c984ccff5be7a02ab7') in 0.0052617 seconds
Number of updated asset objects reloaded before import = 0Number of asset objects unloaded after import = 0

========================================================================
Received Import Request.
  Time since last request: 0.000043 seconds.
  path: Assets/Straight road/Zombie_Atlas.png
  artifactKey: Guid(adcd68d79b8913f4690dea7bab84f786) Importer(2089858483,192608db42251d675da83286b1cce702)
Start importing Assets/Straight road/Zombie_Atlas.png using Guid(adcd68d79b8913f4690dea7bab84f786) Importer(2089858483,192608db42251d675da83286b1cce702) (ScriptedImporter) -> (artifact id: 'a2d9f198f9ccf152e83228c6df96e383') in 0.012335 seconds
Number of updated asset objects reloaded before import = 0Number of asset objects unloaded after import = 1

========================================================================
Received Import Request.
  Time since last request: 0.000023 seconds.
  path: Assets/plam radiation glove.blend
  artifactKey: Guid(424eed85aebc0fd4e8d3b272be9cb1e0) Importer(2089858483,192608db42251d675da83286b1cce702)
Start importing Assets/plam radiation glove.blend using Guid(424eed85aebc0fd4e8d3b272be9cb1e0) Importer(2089858483,192608db42251d675da83286b1cce702) (ScriptedImporter) -> (artifact id: '75ed3b6dd245520b378fe9f9a65f8170') in 0.0260287 seconds
Number of updated asset objects reloaded before import = 0Number of asset objects unloaded after import = 32

========================================================================
Received Import Request.
  Time since last request: 0.000028 seconds.
  path: Assets/pavemant.blend
  artifactKey: Guid(700507e6ef0bf4c40a9aa6f9178ab803) Importer(815301076,1909f56bfc062723c751e8b465ee728b)
Start importing Assets/pavemant.blend using Guid(700507e6ef0bf4c40a9aa6f9178ab803) Importer(815301076,1909f56bfc062723c751e8b465ee728b) (PreviewImporter) -> (artifact id: '125a6b637e82f14ae1fb1916d75cf600') in 0.020365 seconds
Number of updated asset objects reloaded before import = 0Number of asset objects unloaded after import = 8

========================================================================
Received Import Request.
  Time since last request: 0.000049 seconds.
  path: Assets/sad border1.blend
  artifactKey: Guid(ba0c7ac25bc90244f9fc04dce434e1bb) Importer(2089858483,192608db42251d675da83286b1cce702)
Start importing Assets/sad border1.blend using Guid(ba0c7ac25bc90244f9fc04dce434e1bb) Importer(2089858483,192608db42251d675da83286b1cce702) (ScriptedImporter) -> (artifact id: '8cdb0735a43e151ac28628d4f0f8ff05') in 0.0144222 seconds
Number of updated asset objects reloaded before import = 0Number of asset objects unloaded after import = 9

========================================================================
Received Import Request.
  Time since last request: 0.000039 seconds.
  path: Assets/Balkan Car
  artifactKey: Guid(fc3c4fb8b20abdd4ab2179c54a92f12e) Importer(2089858483,192608db42251d675da83286b1cce702)
Start importing Assets/Balkan Car using Guid(fc3c4fb8b20abdd4ab2179c54a92f12e) Importer(2089858483,192608db42251d675da83286b1cce702) (ScriptedImporter) -> (artifact id: 'fc3c404785d6a17aef1db14dcc9badfe') in 0.0070553 seconds
Number of updated asset objects reloaded before import = 0Number of asset objects unloaded after import = 1

========================================================================
Received Import Request.
  Time since last request: 0.000034 seconds.
  path: Assets/Balkan Car/Balkan car.blend
  artifactKey: Guid(ba70a598c992c4246be476bb27d466b9) Importer(2089858483,192608db42251d675da83286b1cce702)
Start importing Assets/Balkan Car/Balkan car.blend using Guid(ba70a598c992c4246be476bb27d466b9) Importer(2089858483,192608db42251d675da83286b1cce702) (ScriptedImporter) -> (artifact id: '51ba1f70530f17a18798a0e31ff8b3af') in 0.016273 seconds
Number of updated asset objects reloaded before import = 0Number of asset objects unloaded after import = 9

========================================================================
Received Import Request.
  Time since last request: 0.000027 seconds.
  path: Assets/sad grass.blend
  artifactKey: Guid(b0b9c08b6fd31224b9dc924569932814) Importer(2089858483,192608db42251d675da83286b1cce702)
Start importing Assets/sad grass.blend using Guid(b0b9c08b6fd31224b9dc924569932814) Importer(2089858483,192608db42251d675da83286b1cce702) (ScriptedImporter) -> (artifact id: '82f58cfe076bdb03b9345b2b8cb99659') in 0.0121093 seconds
Number of updated asset objects reloaded before import = 0Number of asset objects unloaded after import = 18

========================================================================
Received Import Request.
  Time since last request: 0.000025 seconds.
  path: Assets/Scenes/SampleScene.unity
  artifactKey: Guid(2729ee50ac0833a4598ce082fdba6acd) Importer(2089858483,192608db42251d675da83286b1cce702)
Start importing Assets/Scenes/SampleScene.unity using Guid(2729ee50ac0833a4598ce082fdba6acd) Importer(2089858483,192608db42251d675da83286b1cce702) (ScriptedImporter) -> (artifact id: 'd9ff7bbba1cf419827cdd052ba50e220') in 0.0210881 seconds
Number of updated asset objects reloaded before import = 0Number of asset objects unloaded after import = 1

========================================================================
Received Import Request.
  Time since last request: 0.000024 seconds.
  path: Assets/Night sky/Materials/34736053_2210_w018_n002_1347b_p15_1347.mat
  artifactKey: Guid(53cae5fc3cd1c8140b320790c52f8d39) Importer(2089858483,192608db42251d675da83286b1cce702)
Start importing Assets/Night sky/Materials/34736053_2210_w018_n002_1347b_p15_1347.mat using Guid(53cae5fc3cd1c8140b320790c52f8d39) Importer(2089858483,192608db42251d675da83286b1cce702) (ScriptedImporter) -> (artifact id: 'd9b828822c83859830bdc74d48b3b964') in 0.0105038 seconds
Number of updated asset objects reloaded before import = 0Number of asset objects unloaded after import = 1

========================================================================
Received Import Request.
  Time since last request: 0.000028 seconds.
  path: Assets/road turn/street turn.blend
  artifactKey: Guid(352182078cfc25e4a8b53a1f8088a685) Importer(2089858483,192608db42251d675da83286b1cce702)
Start importing Assets/road turn/street turn.blend using Guid(352182078cfc25e4a8b53a1f8088a685) Importer(2089858483,192608db42251d675da83286b1cce702) (ScriptedImporter) -> (artifact id: 'd236f2fd76d7c94b1992de632f783b9d') in 0.0146696 seconds
Number of updated asset objects reloaded before import = 0Number of asset objects unloaded after import = 9

========================================================================
Received Import Request.
  Time since last request: 0.000044 seconds.
  path: Assets/left finger radiation glove.blend
  artifactKey: Guid(8a1dd771a8b9a144b8b6f1b76336a812) Importer(815301076,1909f56bfc062723c751e8b465ee728b)
Start importing Assets/left finger radiation glove.blend using Guid(8a1dd771a8b9a144b8b6f1b76336a812) Importer(815301076,1909f56bfc062723c751e8b465ee728b) (PreviewImporter) -> (artifact id: 'e10236d67c473104e3516011fc6dda2a') in 0.0419032 seconds
Number of updated asset objects reloaded before import = 0Number of asset objects unloaded after import = 16

========================================================================
Received Import Request.
  Time since last request: 0.000106 seconds.
  path: Assets/right finger radiation glove.blend
  artifactKey: Guid(10bcaf1374578044e9404c0dc025a944) Importer(815301076,1909f56bfc062723c751e8b465ee728b)
Start importing Assets/right finger radiation glove.blend using Guid(10bcaf1374578044e9404c0dc025a944) Importer(815301076,1909f56bfc062723c751e8b465ee728b) (PreviewImporter) -> (artifact id: '298cac0ffa85badff1cb8e5f3605c0d2') in 0.042815 seconds
Number of updated asset objects reloaded before import = 0Number of asset objects unloaded after import = 16

========================================================================
Received Import Request.
  Time since last request: 0.000029 seconds.
  path: Assets/sad grass.blend
  artifactKey: Guid(b0b9c08b6fd31224b9dc924569932814) Importer(815301076,1909f56bfc062723c751e8b465ee728b)
Start importing Assets/sad grass.blend using Guid(b0b9c08b6fd31224b9dc924569932814) Importer(815301076,1909f56bfc062723c751e8b465ee728b) (PreviewImporter) -> (artifact id: '39c788041516141aa98336da68eadbde') in 0.046451 seconds
Number of updated asset objects reloaded before import = 0Number of asset objects unloaded after import = 18

========================================================================
Received Import Request.
  Time since last request: 0.000032 seconds.
  path: Assets/Night sky/Materials/ribbon-light-space.mat
  artifactKey: Guid(2ea252f42ae3209438434e34b9ccf578) Importer(2089858483,192608db42251d675da83286b1cce702)
Start importing Assets/Night sky/Materials/ribbon-light-space.mat using Guid(2ea252f42ae3209438434e34b9ccf578) Importer(2089858483,192608db42251d675da83286b1cce702) (ScriptedImporter) -> (artifact id: 'a31f6809d25a1fecbce385975d5b7589') in 0.0071762 seconds
Number of updated asset objects reloaded before import = 0Number of asset objects unloaded after import = 1

========================================================================
Received Import Request.
  Time since last request: 0.000037 seconds.
  path: Assets/radiation hand.blend
  artifactKey: Guid(3ea7b44f1b79c6b448de05a607fa276f) Importer(815301076,1909f56bfc062723c751e8b465ee728b)
Start importing Assets/radiation hand.blend using Guid(3ea7b44f1b79c6b448de05a607fa276f) Importer(815301076,1909f56bfc062723c751e8b465ee728b) (PreviewImporter) -> (artifact id: '7bdcb2abc108cb83463390630bbdd8db') in 0.2691489 seconds
Number of updated asset objects reloaded before import = 0Number of asset objects unloaded after import = 73

========================================================================
Received Import Request.
  Time since last request: 0.000029 seconds.
  path: Assets/street t.blend
  artifactKey: Guid(d753c8fad8f5ef4458d53cb18409d8a1) Importer(2089858483,192608db42251d675da83286b1cce702)
Start importing Assets/street t.blend using Guid(d753c8fad8f5ef4458d53cb18409d8a1) Importer(2089858483,192608db42251d675da83286b1cce702) (ScriptedImporter) -> (artifact id: '7df1256103328abfa2b594482ca5a10a') in 0.0166259 seconds
Number of updated asset objects reloaded before import = 0Number of asset objects unloaded after import = 9

========================================================================
Received Import Request.
  Time since last request: 0.000046 seconds.
  path: Assets/parking lot.blend
  artifactKey: Guid(e5236ca5fb1b7cb4bb96ccbd261b8317) Importer(815301076,1909f56bfc062723c751e8b465ee728b)
Start importing Assets/parking lot.blend using Guid(e5236ca5fb1b7cb4bb96ccbd261b8317) Importer(815301076,1909f56bfc062723c751e8b465ee728b) (PreviewImporter) -> (artifact id: '041ec83ad79467e933c4e65ed4802a9d') in 0.4872169 seconds
Number of updated asset objects reloaded before import = 0Number of asset objects unloaded after import = 228

========================================================================
Received Import Request.
  Time since last request: 9.564656 seconds.
  path: Assets/cave passage.blend
  artifactKey: Guid(1fcafad857e73014285c6a3fc6e99f80) Importer(815301076,1909f56bfc062723c751e8b465ee728b)
Start importing Assets/cave passage.blend using Guid(1fcafad857e73014285c6a3fc6e99f80) Importer(815301076,1909f56bfc062723c751e8b465ee728b) (PreviewImporter) -> (artifact id: '29fb01ffbf0779e294b1c6b592b980b4') in 0.1658068 seconds
Number of updated asset objects reloaded before import = 0Number of asset objects unloaded after import = 70

========================================================================
Received Import Request.
  Time since last request: 0.499305 seconds.
  path: Assets/straight street 2 cracks.blend
  artifactKey: Guid(70fcd2961c260b84aa2188459494a3b1) Importer(815301076,1909f56bfc062723c751e8b465ee728b)
Start importing Assets/straight street 2 cracks.blend using Guid(70fcd2961c260b84aa2188459494a3b1) Importer(815301076,1909f56bfc062723c751e8b465ee728b) (PreviewImporter) -> (artifact id: '45146f9f0e2cc701795ca0678cfab640') in 0.0194549 seconds
Number of updated asset objects reloaded before import = 0Number of asset objects unloaded after import = 9

========================================================================
Received Import Request.
  Time since last request: 0.000024 seconds.
  path: Assets/teleport button.blend
  artifactKey: Guid(01af46e605a7896498978a63ea2b66d8) Importer(815301076,1909f56bfc062723c751e8b465ee728b)
Start importing Assets/teleport button.blend using Guid(01af46e605a7896498978a63ea2b66d8) Importer(815301076,1909f56bfc062723c751e8b465ee728b) (PreviewImporter) -> (artifact id: '6f727c24f42c933c2c2bb01da881d7fa') in 0.0626478 seconds
Number of updated asset objects reloaded before import = 0Number of asset objects unloaded after import = 20

========================================================================
Received Import Request.
  Time since last request: 139.941602 seconds.
  path: Assets/1 crack road
  artifactKey: Guid(9edd3ed6184690f458733cb9e989455c) Importer(815301076,1909f56bfc062723c751e8b465ee728b)
Start importing Assets/1 crack road using Guid(9edd3ed6184690f458733cb9e989455c) Importer(815301076,1909f56bfc062723c751e8b465ee728b) (PreviewImporter) -> (artifact id: '84db39652fb35c3e339e7266528154ea') in 0.0006659 seconds
Number of updated asset objects reloaded before import = 0Number of asset objects unloaded after import = 0

========================================================================
Received Import Request.
  Time since last request: 3.078960 seconds.
  path: Assets/4 way road
  artifactKey: Guid(7621540ebce397b4a8cdf166a87a7e5f) Importer(815301076,1909f56bfc062723c751e8b465ee728b)
Start importing Assets/4 way road using Guid(7621540ebce397b4a8cdf166a87a7e5f) Importer(815301076,1909f56bfc062723c751e8b465ee728b) (PreviewImporter) -> (artifact id: '8717e2a0881abb7ade3c2880da14b879') in 0.0009158 seconds
Number of updated asset objects reloaded before import = 0Number of asset objects unloaded after import = 0

========================================================================
Received Import Request.
  Time since last request: 16.082690 seconds.
  path: Assets/Balkan Car
  artifactKey: Guid(fc3c4fb8b20abdd4ab2179c54a92f12e) Importer(815301076,1909f56bfc062723c751e8b465ee728b)
Start importing Assets/Balkan Car using Guid(fc3c4fb8b20abdd4ab2179c54a92f12e) Importer(815301076,1909f56bfc062723c751e8b465ee728b) (PreviewImporter) -> (artifact id: 'fe1d74928769f33dfc7a367444e9b6c7') in 0.0007063 seconds
Number of updated asset objects reloaded before import = 0Number of asset objects unloaded after import = 0

========================================================================
Received Import Request.
  Time since last request: 2.465619 seconds.
  path: Assets/Balkan van
  artifactKey: Guid(3fbd18a35f1059e4684a03da4e9c84c1) Importer(815301076,1909f56bfc062723c751e8b465ee728b)
Start importing Assets/Balkan van using Guid(3fbd18a35f1059e4684a03da4e9c84c1) Importer(815301076,1909f56bfc062723c751e8b465ee728b) (PreviewImporter) -> (artifact id: '85ff2cf08f677954f6b606750de12bd8') in 0.0006653 seconds
Number of updated asset objects reloaded before import = 0Number of asset objects unloaded after import = 0

========================================================================
Received Import Request.
  Time since last request: 1.974320 seconds.
  path: Assets/Materials
  artifactKey: Guid(adf1b8c59ec62244c92b1ec8f9894ca8) Importer(815301076,1909f56bfc062723c751e8b465ee728b)
Start importing Assets/Materials using Guid(adf1b8c59ec62244c92b1ec8f9894ca8) Importer(815301076,1909f56bfc062723c751e8b465ee728b) (PreviewImporter) -> (artifact id: '20c77ae5f02e2c1d9a357b991dcd20a1') in 0.0007009 seconds
Number of updated asset objects reloaded before import = 0Number of asset objects unloaded after import = 0

========================================================================
Received Import Request.
  Time since last request: 0.003663 seconds.
  path: Assets/Materials/NightSkyHDRI008_16K_TONEMAPPED.mat
  artifactKey: Guid(a7f0d603c323314408ebabd0150055c0) Importer(815301076,1909f56bfc062723c751e8b465ee728b)
Start importing Assets/Materials/NightSkyHDRI008_16K_TONEMAPPED.mat using Guid(a7f0d603c323314408ebabd0150055c0) Importer(815301076,1909f56bfc062723c751e8b465ee728b) (PreviewImporter) -> (artifact id: '070850343bc81552b17f59a9e05ca0c8') in 0.395493 seconds
Number of updated asset objects reloaded before import = 0Number of asset objects unloaded after import = 2

========================================================================
Received Import Request.
  Time since last request: 3.636980 seconds.
  path: Assets/road turn
  artifactKey: Guid(a26b3b5af5621374e815f174fbb16a32) Importer(815301076,1909f56bfc062723c751e8b465ee728b)
Start importing Assets/road turn using Guid(a26b3b5af5621374e815f174fbb16a32) Importer(815301076,1909f56bfc062723c751e8b465ee728b) (PreviewImporter) -> (artifact id: '6f7cc7c81234eba40d877519ffa8a581') in 0.0006584 seconds
Number of updated asset objects reloaded before import = 0Number of asset objects unloaded after import = 0

========================================================================
Received Import Request.
  Time since last request: 1.774498 seconds.
  path: Assets/Scenes
  artifactKey: Guid(9c53962885c2c4f449125a979d6ad240) Importer(815301076,1909f56bfc062723c751e8b465ee728b)
Start importing Assets/Scenes using Guid(9c53962885c2c4f449125a979d6ad240) Importer(815301076,1909f56bfc062723c751e8b465ee728b) (PreviewImporter) -> (artifact id: 'd65b75f456837a3494a5e6e744543932') in 0.0006237 seconds
Number of updated asset objects reloaded before import = 0Number of asset objects unloaded after import = 0

========================================================================
Received Import Request.
  Time since last request: 5.151828 seconds.
  path: Assets/Scenes/Lobby Project Homebound.unity
  artifactKey: Guid(99c9720ab356a0642a771bea13969a05) Importer(815301076,1909f56bfc062723c751e8b465ee728b)
Start importing Assets/Scenes/Lobby Project Homebound.unity using Guid(99c9720ab356a0642a771bea13969a05) Importer(815301076,1909f56bfc062723c751e8b465ee728b) (PreviewImporter) -> (artifact id: '763ba73ced430ab9612b774b6c4b617a') in 0.0008958 seconds
Number of updated asset objects reloaded before import = 0Number of asset objects unloaded after import = 0

========================================================================
Received Import Request.
  Time since last request: 5.675281 seconds.
  path: Assets/Scenes/SampleScene.unity
  artifactKey: Guid(2729ee50ac0833a4598ce082fdba6acd) Importer(815301076,1909f56bfc062723c751e8b465ee728b)
Start importing Assets/Scenes/SampleScene.unity using Guid(2729ee50ac0833a4598ce082fdba6acd) Importer(815301076,1909f56bfc062723c751e8b465ee728b) (PreviewImporter) -> (artifact id: '4f3789473c0a30e0014890623fe76897') in 0.0007376 seconds
Number of updated asset objects reloaded before import = 0Number of asset objects unloaded after import = 0

========================================================================
Received Import Request.
  Time since last request: 3.523547 seconds.
  path: Assets/Scenes/Lobby Project Homebound.unity
  artifactKey: Guid(99c9720ab356a0642a771bea13969a05) Importer(2089858483,192608db42251d675da83286b1cce702)
Start importing Assets/Scenes/Lobby Project Homebound.unity using Guid(99c9720ab356a0642a771bea13969a05) Importer(2089858483,192608db42251d675da83286b1cce702) (ScriptedImporter) -> (artifact id: '5048b978c2adfd3779a875e4ca6f6e30') in 0.0133936 seconds
Number of updated asset objects reloaded before import = 0Number of asset objects unloaded after import = 1

========================================================================
Received Import Request.
  Time since last request: 11.353676 seconds.
  path: Assets/Scenes/Lobby Project Homebound.unity
  artifactKey: Guid(99c9720ab356a0642a771bea13969a05) Importer(815301076,1909f56bfc062723c751e8b465ee728b)
Start importing Assets/Scenes/Lobby Project Homebound.unity using Guid(99c9720ab356a0642a771bea13969a05) Importer(815301076,1909f56bfc062723c751e8b465ee728b) (PreviewImporter) -> (artifact id: 'b981da48fade925b4a8c28c861c89a92') in 0.0008492 seconds
Number of updated asset objects reloaded before import = 0Number of asset objects unloaded after import = 0

========================================================================
Received Import Request.
  Time since last request: 52.106857 seconds.
  path: Assets/Scenes/SampleScene.unity
  artifactKey: Guid(668d4f3e403201b439b0aa4f090bad11) Importer(815301076,1909f56bfc062723c751e8b465ee728b)
Start importing Assets/Scenes/SampleScene.unity using Guid(668d4f3e403201b439b0aa4f090bad11) Importer(815301076,1909f56bfc062723c751e8b465ee728b) (PreviewImporter) -> (artifact id: 'c54e05e961d35ead04a74c6c18cc9773') in 0.0007373 seconds
Number of updated asset objects reloaded before import = 0Number of asset objects unloaded after import = 0

